<?xml version="1.0" encoding="UTF-8"?>
<testsuite xmlns:xsi="http://www.w3.org/2001/XMLSchema-instance" xsi:noNamespaceSchemaLocation="https://maven.apache.org/surefire/maven-surefire-plugin/xsd/surefire-test-report.xsd" version="3.0.2" name="com.ToDoList.ToDoListApplicationTests" time="24.222" tests="1" errors="0" skipped="0" failures="0">
  <properties>
[...]
</properties>
  <testcase name="contextLoads" classname="com.ToDoList.ToDoListApplicationTests" time="1.37">
    <system-out><![CDATA[23:15:46.423 [main] INFO org.springframework.test.context.support.AnnotationConfigContextLoaderUtils -- Could not detect default configuration classes for test class [com.ToDoList.ToDoListApplicationTests]: ToDoListApplicationTests does not declare any static, non-private, non-final, nested classes annotated with @Configuration.
23:15:46.935 [main] INFO org.springframework.boot.test.context.SpringBootTestContextBootstrapper -- Found @SpringBootConfiguration com.ToDoList.ToDoListApplication for test class com.ToDoList.ToDoListApplicationTests
23:15:47.964 [main] INFO org.springframework.boot.devtools.restart.RestartApplicationListener -- Restart disabled due to context in which it is running

  .   ____          _            __ _ _
 /\\ / ___'_ __ _ _(_)_ __  __ _ \ \ \ \
( ( )\___ | '_ | '_| | '_ \/ _` | \ \ \ \
 \\/  ___)| |_)| | | | | || (_| |  ) ) ) )
  '  |____| .__|_| |_|_| |_\__, | / / / /
 =========|_|==============|___/=/_/_/_/

 :: Spring Boot ::                (v3.4.2)

2025-02-13T23:15:50.760+01:00  INFO 14144 --- [ToDoList] [           main] com.ToDoList.ToDoListApplicationTests    : Starting ToDoListApplicationTests using Java 17.0.12 with PID 14144 (started by i in C:\Users\i\Desktop\ToDoList)
2025-02-13T23:15:50.840+01:00  INFO 14144 --- [ToDoList] [           main] com.ToDoList.ToDoListApplicationTests    : No active profile set, falling back to 1 default profile: "default"
2025-02-13T23:15:54.662+01:00  INFO 14144 --- [ToDoList] [           main] .s.d.r.c.RepositoryConfigurationDelegate : Bootstrapping Spring Data JPA repositories in DEFAULT mode.
2025-02-13T23:15:55.454+01:00  INFO 14144 --- [ToDoList] [           main] .s.d.r.c.RepositoryConfigurationDelegate : Finished Spring Data repository scanning in 763 ms. Found 1 JPA repository interface.
2025-02-13T23:15:57.908+01:00  INFO 14144 --- [ToDoList] [           main] com.zaxxer.hikari.HikariDataSource       : HikariPool-1 - Starting...
2025-02-13T23:15:59.194+01:00  INFO 14144 --- [ToDoList] [           main] com.zaxxer.hikari.pool.HikariPool        : HikariPool-1 - Added connection com.mysql.cj.jdbc.ConnectionImpl@4e50ae56
2025-02-13T23:15:59.200+01:00  INFO 14144 --- [ToDoList] [           main] com.zaxxer.hikari.HikariDataSource       : HikariPool-1 - Start completed.
2025-02-13T23:15:59.549+01:00  INFO 14144 --- [ToDoList] [           main] org.flywaydb.core.FlywayExecutor         : Database: jdbc:mysql://localhost:3306/todo?createDatabaseIfNotExist=true (MySQL 5.5)
2025-02-13T23:15:59.718+01:00  INFO 14144 --- [ToDoList] [           main] o.f.core.internal.command.DbValidate     : Successfully validated 0 migrations (execution time 00:00.080s)
2025-02-13T23:15:59.718+01:00  WARN 14144 --- [ToDoList] [           main] o.f.core.internal.command.DbValidate     : No migrations found. Are your locations set up correctly?
2025-02-13T23:15:59.760+01:00  INFO 14144 --- [ToDoList] [           main] o.f.core.internal.command.DbMigrate      : Current version of schema `todo`: << Empty Schema >>
2025-02-13T23:15:59.774+01:00  INFO 14144 --- [ToDoList] [           main] o.f.core.internal.command.DbMigrate      : Schema `todo` is up to date. No migration necessary.
2025-02-13T23:16:00.167+01:00  INFO 14144 --- [ToDoList] [           main] o.hibernate.jpa.internal.util.LogHelper  : HHH000204: Processing PersistenceUnitInfo [name: default]
2025-02-13T23:16:00.449+01:00  INFO 14144 --- [ToDoList] [           main] org.hibernate.Version                    : HHH000412: Hibernate ORM core version 6.6.5.Final
2025-02-13T23:16:00.600+01:00  INFO 14144 --- [ToDoList] [           main] o.h.c.internal.RegionFactoryInitiator    : HHH000026: Second-level cache disabled
2025-02-13T23:16:01.849+01:00  INFO 14144 --- [ToDoList] [           main] o.s.o.j.p.SpringPersistenceUnitInfo      : No LoadTimeWeaver setup: ignoring JPA class transformer
2025-02-13T23:16:02.019+01:00  WARN 14144 --- [ToDoList] [           main] org.hibernate.dialect.Dialect            : HHH000511: The 5.5.5 version for [org.hibernate.dialect.MariaDBDialect] is no longer supported, hence certain features may not work properly. The minimum supported version is 10.4.0. Check the community dialects project for available legacy versions.
2025-02-13T23:16:02.032+01:00  WARN 14144 --- [ToDoList] [           main] org.hibernate.orm.deprecation            : HHH90000025: MariaDBDialect does not need to be specified explicitly using 'hibernate.dialect' (remove the property setting and it will be selected by default)
2025-02-13T23:16:02.078+01:00  INFO 14144 --- [ToDoList] [           main] org.hibernate.orm.connections.pooling    : HHH10001005: Database info:
	Database JDBC URL [Connecting through datasource 'HikariDataSource (HikariPool-1)']
	Database driver: undefined/unknown
	Database version: 5.5.5
	Autocommit mode: undefined/unknown
	Isolation level: undefined/unknown
	Minimum pool size: undefined/unknown
	Maximum pool size: undefined/unknown
2025-02-13T23:16:04.894+01:00  INFO 14144 --- [ToDoList] [           main] o.h.e.t.j.p.i.JtaPlatformInitiator       : HHH000489: No JTA platform available (set 'hibernate.transaction.jta.platform' to enable JTA platform integration)
2025-02-13T23:16:05.055+01:00  INFO 14144 --- [ToDoList] [           main] j.LocalContainerEntityManagerFactoryBean : Initialized JPA EntityManagerFactory for persistence unit 'default'
2025-02-13T23:16:06.403+01:00  WARN 14144 --- [ToDoList] [           main] JpaBaseConfiguration$JpaWebConfiguration : spring.jpa.open-in-view is enabled by default. Therefore, database queries may be performed during view rendering. Explicitly configure spring.jpa.open-in-view to disable this warning
2025-02-13T23:16:07.395+01:00  WARN 14144 --- [ToDoList] [           main] .s.s.UserDetailsServiceAutoConfiguration : 

Using generated security password: ae1dda7d-945b-4c4e-9883-c74d5567fa58

This generated password is for development use only. Your security configuration must be updated before running your application in production.

2025-02-13T23:16:07.518+01:00  INFO 14144 --- [ToDoList] [           main] r$InitializeUserDetailsManagerConfigurer : Global AuthenticationManager configured with UserDetailsService bean with name inMemoryUserDetailsManager
2025-02-13T23:16:08.418+01:00  INFO 14144 --- [ToDoList] [           main] com.ToDoList.ToDoListApplicationTests    : Started ToDoListApplicationTests in 20.548 seconds (process running for 25.07)
]]></system-out>
  </testcase>
</testsuite>